[1575760402805] [32mINFO [39m (8252 on DESKTOP-5RAT955): [36mserver started[39m
    created: 1575760402666
    started: 1575760402799
    host: "127.0.0.1"
    port: 1207
    protocol: "http"
    id: "DESKTOP-5RAT955:8252:k3w7248a"
    uri: "http://127.0.0.1:1207"
    address: "127.0.0.1"
[1575761947889] [32mINFO [39m (7488 on DESKTOP-5RAT955): [36mserver started[39m
    created: 1575761947676
    started: 1575761947883
    host: "127.0.0.1"
    port: 1207
    protocol: "http"
    id: "DESKTOP-5RAT955:7488:k3w7z8d8"
    uri: "http://127.0.0.1:1207"
    address: "127.0.0.1"
[1575761956741] [32mINFO [39m (7488 on DESKTOP-5RAT955): [36mrequest completed[39m
    req: {
      "id": "1575761956655:DESKTOP-5RAT955:7488:k3w7z8d8:10000",
      "method": "get",
      "url": "http://127.0.0.1:1207/api/tasks/1",
      "headers": {
        "authorization": "[Redacted]",
        "user-agent": "PostmanRuntime/7.20.1",
        "accept": "*/*",
        "cache-control": "no-cache",
        "postman-token": "8fd2846a-1247-46d8-a5fb-13b9c9358157",
        "host": "127.0.0.1:1207",
        "accept-encoding": "gzip, deflate",
        "connection": "keep-alive"
      },
      "remoteAddress": "127.0.0.1",
      "remotePort": 54939
    }
    res: {
      "statusCode": 200,
      "headers": {
        "content-type": "application/json; charset=utf-8",
        "cache-control": "no-cache",
        "content-length": 134,
        "accept-ranges": "bytes"
      }
    }
    responseTime: 86
[1575761959930] [32mINFO [39m (7488 on DESKTOP-5RAT955): [36mrequest completed[39m
    req: {
      "id": "1575761959923:DESKTOP-5RAT955:7488:k3w7z8d8:10001",
      "method": "get",
      "url": "http://127.0.0.1:1207/api/tasks/1",
      "headers": {
        "authorization": "[Redacted]",
        "user-agent": "PostmanRuntime/7.20.1",
        "accept": "*/*",
        "cache-control": "no-cache",
        "postman-token": "ad8f6f5e-c9d3-4562-a11f-8e7051b81b5c",
        "host": "127.0.0.1:1207",
        "accept-encoding": "gzip, deflate",
        "connection": "keep-alive"
      },
      "remoteAddress": "127.0.0.1",
      "remotePort": 54939
    }
    res: {
      "statusCode": 200,
      "headers": {
        "content-type": "application/json; charset=utf-8",
        "cache-control": "no-cache",
        "content-length": 134,
        "accept-ranges": "bytes"
      }
    }
    responseTime: 6
